# JRE version: OpenJDK Runtime Environment (11.0.4+10) (build 11.0.4+10-b520.11)
# Java VM: OpenJDK 64-Bit Server VM (11.0.4+10-b520.11, mixed mode, tiered, compressed oops, g1 gc, bsd-amd64)
Heap:
 garbage-first heap   total 190464K, used 99102K [0x0000000780000000, 0x0000000800000000)
  region size 1024K, 73 young (74752K), 6 survivors (6144K)
 Metaspace       used 60863K, capacity 62910K, committed 63056K, reserved 1103872K
  class space    used 7797K, capacity 8609K, committed 8652K, reserved 1048576K
GC Heap History (10 events):
Event: 5.105 GC heap before
{Heap before GC invocations=7 (full 0):
 garbage-first heap   total 157696K, used 42029K [0x0000000780000000, 0x0000000800000000)
  region size 1024K, 37 young (37888K), 8 survivors (8192K)
 Metaspace       used 34849K, capacity 35918K, committed 36048K, reserved 1081344K
  class space    used 4415K, capacity 4840K, committed 4940K, reserved 1048576K
}
Event: 5.119 GC heap after
{Heap after GC invocations=8 (full 0):
 garbage-first heap   total 157696K, used 15168K [0x0000000780000000, 0x0000000800000000)
  region size 1024K, 8 young (8192K), 8 survivors (8192K)
 Metaspace       used 34849K, capacity 35918K, committed 36048K, reserved 1081344K
  class space    used 4415K, capacity 4840K, committed 4940K, reserved 1048576K
}
Event: 6.714 GC heap before
{Heap before GC invocations=9 (full 0):
 garbage-first heap   total 157696K, used 100160K [0x0000000780000000, 0x0000000800000000)
  region size 1024K, 92 young (94208K), 8 survivors (8192K)
 Metaspace       used 44543K, capacity 46000K, committed 46288K, reserved 1089536K
  class space    used 5579K, capacity 6157K, committed 6220K, reserved 1048576K
}
Event: 6.733 GC heap after
{Heap after GC invocations=10 (full 0):
 garbage-first heap   total 157696K, used 20473K [0x0000000780000000, 0x0000000800000000)
  region size 1024K, 10 young (10240K), 10 survivors (10240K)
 Metaspace       used 44543K, capacity 46000K, committed 46288K, reserved 1089536K
  class space    used 5579K, capacity 6157K, committed 6220K, reserved 1048576K
}
Event: 9.484 GC heap before
{Heap before GC invocations=10 (full 0):
 garbage-first heap   total 157696K, used 103417K [0x0000000780000000, 0x0000000800000000)
  region size 1024K, 92 young (94208K), 10 survivors (10240K)
 Metaspace       used 52938K, capacity 54774K, committed 54992K, reserved 1097728K
  class space    used 6764K, capacity 7470K, committed 7500K, reserved 1048576K
}
Event: 9.510 GC heap after
{Heap after GC invocations=11 (full 0):
 garbage-first heap   total 157696K, used 26805K [0x0000000780000000, 0x0000000800000000)
  region size 1024K, 12 young (12288K), 12 survivors (12288K)
 Metaspace       used 52938K, capacity 54774K, committed 54992K, reserved 1097728K
  class space    used 6764K, capacity 7470K, committed 7500K, reserved 1048576K
}
Event: 29.478 GC heap before
{Heap before GC invocations=11 (full 0):
 garbage-first heap   total 157696K, used 73909K [0x0000000780000000, 0x0000000800000000)
  region size 1024K, 59 young (60416K), 12 survivors (12288K)
 Metaspace       used 58264K, capacity 60281K, committed 60496K, reserved 1101824K
  class space    used 7471K, capacity 8275K, committed 8396K, reserved 1048576K
}
Event: 29.523 GC heap after
{Heap after GC invocations=12 (full 0):
 garbage-first heap   total 190464K, used 28527K [0x0000000780000000, 0x0000000800000000)
  region size 1024K, 3 young (3072K), 3 survivors (3072K)
 Metaspace       used 58264K, capacity 60281K, committed 60496K, reserved 1101824K
  class space    used 7471K, capacity 8275K, committed 8396K, reserved 1048576K
}
Event: 1778.489 GC heap before
{Heap before GC invocations=13 (full 0):
 garbage-first heap   total 190464K, used 126831K [0x0000000780000000, 0x0000000800000000)
  region size 1024K, 99 young (101376K), 3 survivors (3072K)
 Metaspace       used 60787K, capacity 62862K, committed 63056K, reserved 1103872K
  class space    used 7789K, capacity 8601K, committed 8652K, reserved 1048576K
}
Event: 1778.538 GC heap after
{Heap after GC invocations=14 (full 0):
 garbage-first heap   total 190464K, used 31518K [0x0000000780000000, 0x0000000800000000)
  region size 1024K, 6 young (6144K), 6 survivors (6144K)
 Metaspace       used 60787K, capacity 62862K, committed 63056K, reserved 1103872K
  class space    used 7789K, capacity 8601K, committed 8652K, reserved 1048576K
}

